Analysis & Synthesis report for main
Wed Jan 10 16:54:26 2024
Quartus II 64-Bit Version 13.1.0 Build 162 10/23/2013 SJ Web Edition


---------------------
; Table of Contents ;
---------------------
  1. Legal Notice
  2. Analysis & Synthesis Summary
  3. Analysis & Synthesis Settings
  4. Parallel Compilation
  5. Analysis & Synthesis Source Files Read
  6. Analysis & Synthesis Resource Usage Summary
  7. Analysis & Synthesis Resource Utilization by Entity
  8. Registers Removed During Synthesis
  9. General Register Statistics
 10. Inverted Register Statistics
 11. Multiplexer Restructuring Statistics (Restructuring Performed)
 12. Parameter Settings for User Entity Instance: Top-level Entity: |main
 13. Parameter Settings for Inferred Entity Instance: lpm_divide:Mod1
 14. Parameter Settings for Inferred Entity Instance: lpm_divide:Mod0
 15. Elapsed Time Per Partition
 16. Analysis & Synthesis Messages
 17. Analysis & Synthesis Suppressed Messages



----------------
; Legal Notice ;
----------------
Copyright (C) 1991-2013 Altera Corporation
Your use of Altera Corporation's design tools, logic functions 
and other software and tools, and its AMPP partner logic 
functions, and any output files from any of the foregoing 
(including device programming or simulation files), and any 
associated documentation or information are expressly subject 
to the terms and conditions of the Altera Program License 
Subscription Agreement, Altera MegaCore Function License 
Agreement, or other applicable license agreement, including, 
without limitation, that your use is for the sole purpose of 
programming logic devices manufactured by Altera and sold by 
Altera or its authorized distributors.  Please refer to the 
applicable agreement for further details.



+---------------------------------------------------------------------------------+
; Analysis & Synthesis Summary                                                    ;
+------------------------------------+--------------------------------------------+
; Analysis & Synthesis Status        ; Successful - Wed Jan 10 16:54:26 2024      ;
; Quartus II 64-Bit Version          ; 13.1.0 Build 162 10/23/2013 SJ Web Edition ;
; Revision Name                      ; main                                       ;
; Top-level Entity Name              ; main                                       ;
; Family                             ; Cyclone III                                ;
; Total logic elements               ; 1,059                                      ;
;     Total combinational functions  ; 1,044                                      ;
;     Dedicated logic registers      ; 184                                        ;
; Total registers                    ; 184                                        ;
; Total pins                         ; 62                                         ;
; Total virtual pins                 ; 0                                          ;
; Total memory bits                  ; 0                                          ;
; Embedded Multiplier 9-bit elements ; 0                                          ;
; Total PLLs                         ; 0                                          ;
+------------------------------------+--------------------------------------------+


+----------------------------------------------------------------------------------------------------------------------+
; Analysis & Synthesis Settings                                                                                        ;
+----------------------------------------------------------------------------+--------------------+--------------------+
; Option                                                                     ; Setting            ; Default Value      ;
+----------------------------------------------------------------------------+--------------------+--------------------+
; Device                                                                     ; EP3C10E144C8       ;                    ;
; Top-level entity name                                                      ; main               ; main               ;
; Family name                                                                ; Cyclone III        ; Cyclone IV GX      ;
; Verilog Show LMF Mapping Messages                                          ; Off                ;                    ;
; Verilog Version                                                            ; SystemVerilog_2005 ; Verilog_2001       ;
; Use smart compilation                                                      ; Off                ; Off                ;
; Enable parallel Assembler and TimeQuest Timing Analyzer during compilation ; On                 ; On                 ;
; Enable compact report table                                                ; Off                ; Off                ;
; Restructure Multiplexers                                                   ; Auto               ; Auto               ;
; Create Debugging Nodes for IP Cores                                        ; Off                ; Off                ;
; Preserve fewer node names                                                  ; On                 ; On                 ;
; Disable OpenCore Plus hardware evaluation                                  ; Off                ; Off                ;
; VHDL Version                                                               ; VHDL_1993          ; VHDL_1993          ;
; State Machine Processing                                                   ; Auto               ; Auto               ;
; Safe State Machine                                                         ; Off                ; Off                ;
; Extract Verilog State Machines                                             ; On                 ; On                 ;
; Extract VHDL State Machines                                                ; On                 ; On                 ;
; Ignore Verilog initial constructs                                          ; Off                ; Off                ;
; Iteration limit for constant Verilog loops                                 ; 5000               ; 5000               ;
; Iteration limit for non-constant Verilog loops                             ; 250                ; 250                ;
; Add Pass-Through Logic to Inferred RAMs                                    ; On                 ; On                 ;
; Infer RAMs from Raw Logic                                                  ; On                 ; On                 ;
; Parallel Synthesis                                                         ; On                 ; On                 ;
; DSP Block Balancing                                                        ; Auto               ; Auto               ;
; NOT Gate Push-Back                                                         ; On                 ; On                 ;
; Power-Up Don't Care                                                        ; On                 ; On                 ;
; Remove Redundant Logic Cells                                               ; Off                ; Off                ;
; Remove Duplicate Registers                                                 ; On                 ; On                 ;
; Ignore CARRY Buffers                                                       ; Off                ; Off                ;
; Ignore CASCADE Buffers                                                     ; Off                ; Off                ;
; Ignore GLOBAL Buffers                                                      ; Off                ; Off                ;
; Ignore ROW GLOBAL Buffers                                                  ; Off                ; Off                ;
; Ignore LCELL Buffers                                                       ; Off                ; Off                ;
; Ignore SOFT Buffers                                                        ; On                 ; On                 ;
; Limit AHDL Integers to 32 Bits                                             ; Off                ; Off                ;
; Optimization Technique                                                     ; Balanced           ; Balanced           ;
; Carry Chain Length                                                         ; 70                 ; 70                 ;
; Auto Carry Chains                                                          ; On                 ; On                 ;
; Auto Open-Drain Pins                                                       ; On                 ; On                 ;
; Perform WYSIWYG Primitive Resynthesis                                      ; Off                ; Off                ;
; Auto ROM Replacement                                                       ; On                 ; On                 ;
; Auto RAM Replacement                                                       ; On                 ; On                 ;
; Auto DSP Block Replacement                                                 ; On                 ; On                 ;
; Auto Shift Register Replacement                                            ; Auto               ; Auto               ;
; Allow Shift Register Merging across Hierarchies                            ; Auto               ; Auto               ;
; Auto Clock Enable Replacement                                              ; On                 ; On                 ;
; Strict RAM Replacement                                                     ; Off                ; Off                ;
; Allow Synchronous Control Signals                                          ; On                 ; On                 ;
; Force Use of Synchronous Clear Signals                                     ; Off                ; Off                ;
; Auto RAM Block Balancing                                                   ; On                 ; On                 ;
; Auto RAM to Logic Cell Conversion                                          ; Off                ; Off                ;
; Auto Resource Sharing                                                      ; Off                ; Off                ;
; Allow Any RAM Size For Recognition                                         ; Off                ; Off                ;
; Allow Any ROM Size For Recognition                                         ; Off                ; Off                ;
; Allow Any Shift Register Size For Recognition                              ; Off                ; Off                ;
; Use LogicLock Constraints during Resource Balancing                        ; On                 ; On                 ;
; Ignore translate_off and synthesis_off directives                          ; Off                ; Off                ;
; Timing-Driven Synthesis                                                    ; On                 ; On                 ;
; Report Parameter Settings                                                  ; On                 ; On                 ;
; Report Source Assignments                                                  ; On                 ; On                 ;
; Report Connectivity Checks                                                 ; On                 ; On                 ;
; Ignore Maximum Fan-Out Assignments                                         ; Off                ; Off                ;
; Synchronization Register Chain Length                                      ; 2                  ; 2                  ;
; PowerPlay Power Optimization                                               ; Normal compilation ; Normal compilation ;
; HDL message level                                                          ; Level2             ; Level2             ;
; Suppress Register Optimization Related Messages                            ; Off                ; Off                ;
; Number of Removed Registers Reported in Synthesis Report                   ; 5000               ; 5000               ;
; Number of Swept Nodes Reported in Synthesis Report                         ; 5000               ; 5000               ;
; Number of Inverted Registers Reported in Synthesis Report                  ; 100                ; 100                ;
; Clock MUX Protection                                                       ; On                 ; On                 ;
; Auto Gated Clock Conversion                                                ; Off                ; Off                ;
; Block Design Naming                                                        ; Auto               ; Auto               ;
; SDC constraint protection                                                  ; Off                ; Off                ;
; Synthesis Effort                                                           ; Auto               ; Auto               ;
; Shift Register Replacement - Allow Asynchronous Clear Signal               ; On                 ; On                 ;
; Pre-Mapping Resynthesis Optimization                                       ; Off                ; Off                ;
; Analysis & Synthesis Message Level                                         ; Medium             ; Medium             ;
; Disable Register Merging Across Hierarchies                                ; Auto               ; Auto               ;
; Resource Aware Inference For Block RAM                                     ; On                 ; On                 ;
; Synthesis Seed                                                             ; 1                  ; 1                  ;
+----------------------------------------------------------------------------+--------------------+--------------------+


Parallel compilation was disabled, but you have multiple processors available. Enable parallel compilation to reduce compilation time.
+-------------------------------------+
; Parallel Compilation                ;
+----------------------------+--------+
; Processors                 ; Number ;
+----------------------------+--------+
; Number detected on machine ; 8      ;
; Maximum allowed            ; 1      ;
+----------------------------+--------+


+------------------------------------------------------------------------------------------------------------------------------------------------------------------+
; Analysis & Synthesis Source Files Read                                                                                                                           ;
+----------------------------------+-----------------+------------------------------+--------------------------------------------------------------------+---------+
; File Name with User-Entered Path ; Used in Netlist ; File Type                    ; File Name with Absolute Path                                       ; Library ;
+----------------------------------+-----------------+------------------------------+--------------------------------------------------------------------+---------+
; main.v                           ; yes             ; User Verilog HDL File        ; C:/altera/13.1/Frog/main/main.v                                    ;         ;
; lpm_divide.tdf                   ; yes             ; Megafunction                 ; c:/altera/13.1/quartus/libraries/megafunctions/lpm_divide.tdf      ;         ;
; abs_divider.inc                  ; yes             ; Megafunction                 ; c:/altera/13.1/quartus/libraries/megafunctions/abs_divider.inc     ;         ;
; sign_div_unsign.inc              ; yes             ; Megafunction                 ; c:/altera/13.1/quartus/libraries/megafunctions/sign_div_unsign.inc ;         ;
; aglobal131.inc                   ; yes             ; Megafunction                 ; c:/altera/13.1/quartus/libraries/megafunctions/aglobal131.inc      ;         ;
; db/lpm_divide_a8m.tdf            ; yes             ; Auto-Generated Megafunction  ; C:/altera/13.1/Frog/main/db/lpm_divide_a8m.tdf                     ;         ;
; db/sign_div_unsign_8kh.tdf       ; yes             ; Auto-Generated Megafunction  ; C:/altera/13.1/Frog/main/db/sign_div_unsign_8kh.tdf                ;         ;
; db/alt_u_div_r2f.tdf             ; yes             ; Auto-Generated Megafunction  ; C:/altera/13.1/Frog/main/db/alt_u_div_r2f.tdf                      ;         ;
; db/add_sub_unc.tdf               ; yes             ; Auto-Generated Megafunction  ; C:/altera/13.1/Frog/main/db/add_sub_unc.tdf                        ;         ;
; db/add_sub_vnc.tdf               ; yes             ; Auto-Generated Megafunction  ; C:/altera/13.1/Frog/main/db/add_sub_vnc.tdf                        ;         ;
+----------------------------------+-----------------+------------------------------+--------------------------------------------------------------------+---------+


+--------------------------------------------------------+
; Analysis & Synthesis Resource Usage Summary            ;
+---------------------------------------------+----------+
; Resource                                    ; Usage    ;
+---------------------------------------------+----------+
; Estimated Total logic elements              ; 1,059    ;
;                                             ;          ;
; Total combinational functions               ; 1044     ;
; Logic element usage by number of LUT inputs ;          ;
;     -- 4 input functions                    ; 656      ;
;     -- 3 input functions                    ; 176      ;
;     -- <=2 input functions                  ; 212      ;
;                                             ;          ;
; Logic elements by mode                      ;          ;
;     -- normal mode                          ; 911      ;
;     -- arithmetic mode                      ; 133      ;
;                                             ;          ;
; Total registers                             ; 184      ;
;     -- Dedicated logic registers            ; 184      ;
;     -- I/O registers                        ; 0        ;
;                                             ;          ;
; I/O pins                                    ; 62       ;
; Embedded Multiplier 9-bit elements          ; 0        ;
; Maximum fan-out node                        ; count[2] ;
; Maximum fan-out                             ; 131      ;
; Total fan-out                               ; 4193     ;
; Average fan-out                             ; 3.10     ;
+---------------------------------------------+----------+


+---------------------------------------------------------------------------------------------------------------------------------------------------------------------------------------------------------------------------------------------------------------------------+
; Analysis & Synthesis Resource Utilization by Entity                                                                                                                                                                                                                       ;
+----------------------------------------+-------------------+--------------+-------------+--------------+---------+-----------+------+--------------+-------------------------------------------------------------------------------------------------------+--------------+
; Compilation Hierarchy Node             ; LC Combinationals ; LC Registers ; Memory Bits ; DSP Elements ; DSP 9x9 ; DSP 18x18 ; Pins ; Virtual Pins ; Full Hierarchy Name                                                                                   ; Library Name ;
+----------------------------------------+-------------------+--------------+-------------+--------------+---------+-----------+------+--------------+-------------------------------------------------------------------------------------------------------+--------------+
; |main                                  ; 1044 (830)        ; 184 (79)     ; 0           ; 0            ; 0       ; 0         ; 62   ; 0            ; |main                                                                                                 ; work         ;
;    |divfreq4:F0|                       ; 34 (34)           ; 26 (26)      ; 0           ; 0            ; 0       ; 0         ; 0    ; 0            ; |main|divfreq4:F0                                                                                     ; work         ;
;    |divfreq:F2|                        ; 35 (35)           ; 26 (26)      ; 0           ; 0            ; 0       ; 0         ; 0    ; 0            ; |main|divfreq:F2                                                                                      ; work         ;
;    |divfreqin:F1|                      ; 34 (34)           ; 26 (26)      ; 0           ; 0            ; 0       ; 0         ; 0    ; 0            ; |main|divfreqin:F1                                                                                    ; work         ;
;    |divfreqinv:F3|                     ; 36 (36)           ; 27 (27)      ; 0           ; 0            ; 0       ; 0         ; 0    ; 0            ; |main|divfreqinv:F3                                                                                   ; work         ;
;    |lpm_divide:Mod0|                   ; 40 (0)            ; 0 (0)        ; 0           ; 0            ; 0       ; 0         ; 0    ; 0            ; |main|lpm_divide:Mod0                                                                                 ; work         ;
;       |lpm_divide_a8m:auto_generated|  ; 40 (0)            ; 0 (0)        ; 0           ; 0            ; 0       ; 0         ; 0    ; 0            ; |main|lpm_divide:Mod0|lpm_divide_a8m:auto_generated                                                   ; work         ;
;          |sign_div_unsign_8kh:divider| ; 40 (0)            ; 0 (0)        ; 0           ; 0            ; 0       ; 0         ; 0    ; 0            ; |main|lpm_divide:Mod0|lpm_divide_a8m:auto_generated|sign_div_unsign_8kh:divider                       ; work         ;
;             |alt_u_div_r2f:divider|    ; 40 (40)           ; 0 (0)        ; 0           ; 0            ; 0       ; 0         ; 0    ; 0            ; |main|lpm_divide:Mod0|lpm_divide_a8m:auto_generated|sign_div_unsign_8kh:divider|alt_u_div_r2f:divider ; work         ;
;    |lpm_divide:Mod1|                   ; 35 (0)            ; 0 (0)        ; 0           ; 0            ; 0       ; 0         ; 0    ; 0            ; |main|lpm_divide:Mod1                                                                                 ; work         ;
;       |lpm_divide_a8m:auto_generated|  ; 35 (0)            ; 0 (0)        ; 0           ; 0            ; 0       ; 0         ; 0    ; 0            ; |main|lpm_divide:Mod1|lpm_divide_a8m:auto_generated                                                   ; work         ;
;          |sign_div_unsign_8kh:divider| ; 35 (0)            ; 0 (0)        ; 0           ; 0            ; 0       ; 0         ; 0    ; 0            ; |main|lpm_divide:Mod1|lpm_divide_a8m:auto_generated|sign_div_unsign_8kh:divider                       ; work         ;
;             |alt_u_div_r2f:divider|    ; 35 (35)           ; 0 (0)        ; 0           ; 0            ; 0       ; 0         ; 0    ; 0            ; |main|lpm_divide:Mod1|lpm_divide_a8m:auto_generated|sign_div_unsign_8kh:divider|alt_u_div_r2f:divider ; work         ;
+----------------------------------------+-------------------+--------------+-------------+--------------+---------+-----------+------+--------------+-------------------------------------------------------------------------------------------------------+--------------+
Note: For table entries with two numbers listed, the numbers in parentheses indicate the number of resources of the given type used by the specific entity alone. The numbers listed outside of parentheses indicate the total resources of the given type used by the specific entity and all of its sub-entities in the hierarchy.


+--------------------------------------------------------------------------------+
; Registers Removed During Synthesis                                             ;
+---------------------------------------+----------------------------------------+
; Register name                         ; Reason for Removal                     ;
+---------------------------------------+----------------------------------------+
; y[3]                                  ; Stuck at VCC due to stuck port data_in ;
; segment[5]~reg0                       ; Stuck at GND due to stuck port data_in ;
; Total Number of Removed Registers = 2 ;                                        ;
+---------------------------------------+----------------------------------------+


+------------------------------------------------------+
; General Register Statistics                          ;
+----------------------------------------------+-------+
; Statistic                                    ; Value ;
+----------------------------------------------+-------+
; Total registers                              ; 184   ;
; Number of registers using Synchronous Clear  ; 107   ;
; Number of registers using Synchronous Load   ; 0     ;
; Number of registers using Asynchronous Clear ; 0     ;
; Number of registers using Asynchronous Load  ; 0     ;
; Number of registers using Clock Enable       ; 50    ;
; Number of registers using Preset             ; 0     ;
+----------------------------------------------+-------+


+---------------------------------------------------+
; Inverted Register Statistics                      ;
+-----------------------------------------+---------+
; Inverted Register                       ; Fan out ;
+-----------------------------------------+---------+
; R[0]~reg0                               ; 1       ;
; R[1]~reg0                               ; 1       ;
; R[2]~reg0                               ; 1       ;
; R[3]~reg0                               ; 1       ;
; R[4]~reg0                               ; 1       ;
; R[5]~reg0                               ; 1       ;
; R[6]~reg0                               ; 1       ;
; R[7]~reg0                               ; 1       ;
; G[0]~reg0                               ; 2       ;
; G[1]~reg0                               ; 2       ;
; G[2]~reg0                               ; 3       ;
; G[3]~reg0                               ; 3       ;
; G[4]~reg0                               ; 3       ;
; G[5]~reg0                               ; 3       ;
; G[6]~reg0                               ; 3       ;
; G[7]~reg0                               ; 3       ;
; B[0]~reg0                               ; 3       ;
; B[1]~reg0                               ; 3       ;
; B[2]~reg0                               ; 3       ;
; B[3]~reg0                               ; 3       ;
; B[4]~reg0                               ; 3       ;
; B[5]~reg0                               ; 3       ;
; B[6]~reg0                               ; 3       ;
; B[7]~reg0                               ; 3       ;
; bosslife[0]~reg0                        ; 2       ;
; bosslife[1]~reg0                        ; 3       ;
; bosslife[2]~reg0                        ; 3       ;
; bosslife[3]~reg0                        ; 3       ;
; bosslife[4]~reg0                        ; 3       ;
; bosslife[5]~reg0                        ; 3       ;
; bosslife[6]~reg0                        ; 3       ;
; bosslife[7]~reg0                        ; 4       ;
; selflife[0]~reg0                        ; 2       ;
; selflife[1]~reg0                        ; 3       ;
; selflife[2]~reg0                        ; 3       ;
; selflife[3]~reg0                        ; 3       ;
; selflife[4]~reg0                        ; 3       ;
; selflife[5]~reg0                        ; 3       ;
; selflife[6]~reg0                        ; 3       ;
; selflife[7]~reg0                        ; 3       ;
; COM[3]~reg0                             ; 105     ;
; x[0]                                    ; 13      ;
; y[1]                                    ; 12      ;
; y[0]                                    ; 13      ;
; x[1]                                    ; 17      ;
; x[2]                                    ; 18      ;
; x[3]                                    ; 18      ;
; x[4]                                    ; 14      ;
; x[6]                                    ; 15      ;
; x[7]                                    ; 16      ;
; Total number of inverted registers = 50 ;         ;
+-----------------------------------------+---------+


+------------------------------------------------------------------------------------------------------------------------------------------+
; Multiplexer Restructuring Statistics (Restructuring Performed)                                                                           ;
+--------------------+-----------+---------------+----------------------+------------------------+------------+----------------------------+
; Multiplexer Inputs ; Bus Width ; Baseline Area ; Area if Restructured ; Saving if Restructured ; Registered ; Example Multiplexer Output ;
+--------------------+-----------+---------------+----------------------+------------------------+------------+----------------------------+
; 3:1                ; 2 bits    ; 4 LEs         ; 2 LEs                ; 2 LEs                  ; Yes        ; |main|segment[6]~reg0      ;
; 3:1                ; 2 bits    ; 4 LEs         ; 2 LEs                ; 2 LEs                  ; Yes        ; |main|segment[4]~reg0      ;
; 4:1                ; 6 bits    ; 12 LEs        ; 6 LEs                ; 6 LEs                  ; Yes        ; |main|round[4]             ;
; 4:1                ; 6 bits    ; 12 LEs        ; 6 LEs                ; 6 LEs                  ; Yes        ; |main|count[0]             ;
; 5:1                ; 7 bits    ; 21 LEs        ; 0 LEs                ; 21 LEs                 ; Yes        ; |main|bosslife[3]~reg0     ;
; 17:1               ; 2 bits    ; 22 LEs        ; 12 LEs               ; 10 LEs                 ; Yes        ; |main|y[1]                 ;
; 10:1               ; 5 bits    ; 30 LEs        ; 20 LEs               ; 10 LEs                 ; Yes        ; |main|x[6]                 ;
; 119:1              ; 8 bits    ; 632 LEs       ; 64 LEs               ; 568 LEs                ; Yes        ; |main|R[2]~reg0            ;
; 99:1               ; 2 bits    ; 132 LEs       ; 14 LEs               ; 118 LEs                ; Yes        ; |main|G[0]~reg0            ;
; 3:1                ; 5 bits    ; 10 LEs        ; 10 LEs               ; 0 LEs                  ; No         ; |main|Mux25                ;
; 3:1                ; 10 bits   ; 20 LEs        ; 10 LEs               ; 10 LEs                 ; No         ; |main|B                    ;
; 3:1                ; 2 bits    ; 4 LEs         ; 2 LEs                ; 2 LEs                  ; No         ; |main|Mux29                ;
; 3:1                ; 2 bits    ; 4 LEs         ; 2 LEs                ; 2 LEs                  ; No         ; |main|Mux30                ;
; 3:1                ; 2 bits    ; 4 LEs         ; 2 LEs                ; 2 LEs                  ; No         ; |main|Selector16           ;
; 3:1                ; 6 bits    ; 12 LEs        ; 12 LEs               ; 0 LEs                  ; No         ; |main|Mux37                ;
; 3:1                ; 2 bits    ; 4 LEs         ; 4 LEs                ; 0 LEs                  ; No         ; |main|Mux29                ;
; 3:1                ; 3 bits    ; 6 LEs         ; 3 LEs                ; 3 LEs                  ; No         ; |main|B                    ;
; 3:1                ; 3 bits    ; 6 LEs         ; 6 LEs                ; 0 LEs                  ; No         ; |main|Selector50           ;
; 3:1                ; 2 bits    ; 4 LEs         ; 2 LEs                ; 2 LEs                  ; No         ; |main|B                    ;
; 3:1                ; 2 bits    ; 4 LEs         ; 4 LEs                ; 0 LEs                  ; No         ; |main|Mux72                ;
; 3:1                ; 2 bits    ; 4 LEs         ; 4 LEs                ; 0 LEs                  ; No         ; |main|Mux67                ;
; 3:1                ; 2 bits    ; 4 LEs         ; 4 LEs                ; 0 LEs                  ; No         ; |main|Mux68                ;
; 3:1                ; 4 bits    ; 8 LEs         ; 4 LEs                ; 4 LEs                  ; No         ; |main|B                    ;
; 3:1                ; 3 bits    ; 6 LEs         ; 3 LEs                ; 3 LEs                  ; No         ; |main|G                    ;
; 3:1                ; 2 bits    ; 4 LEs         ; 2 LEs                ; 2 LEs                  ; No         ; |main|B                    ;
; 4:1                ; 3 bits    ; 6 LEs         ; 6 LEs                ; 0 LEs                  ; No         ; |main|Selector50           ;
; 4:1                ; 2 bits    ; 4 LEs         ; 2 LEs                ; 2 LEs                  ; No         ; |main|Selector16           ;
; 4:1                ; 3 bits    ; 6 LEs         ; 6 LEs                ; 0 LEs                  ; No         ; |main|Mux25                ;
; 4:1                ; 2 bits    ; 4 LEs         ; 2 LEs                ; 2 LEs                  ; No         ; |main|B                    ;
; 4:1                ; 2 bits    ; 4 LEs         ; 2 LEs                ; 2 LEs                  ; No         ; |main|B                    ;
; 4:1                ; 9 bits    ; 18 LEs        ; 18 LEs               ; 0 LEs                  ; No         ; |main|B                    ;
; 4:1                ; 2 bits    ; 4 LEs         ; 2 LEs                ; 2 LEs                  ; No         ; |main|B                    ;
; 16:1               ; 3 bits    ; 30 LEs        ; 12 LEs               ; 18 LEs                 ; No         ; |main|COM                  ;
; 5:1                ; 2 bits    ; 6 LEs         ; 4 LEs                ; 2 LEs                  ; No         ; |main|Mux29                ;
; 5:1                ; 2 bits    ; 6 LEs         ; 4 LEs                ; 2 LEs                  ; No         ; |main|B                    ;
; 43:1               ; 2 bits    ; 56 LEs        ; 12 LEs               ; 44 LEs                 ; No         ; |main|G                    ;
+--------------------+-----------+---------------+----------------------+------------------------+------------+----------------------------+


+----------------------------------------------------------------------+
; Parameter Settings for User Entity Instance: Top-level Entity: |main ;
+----------------+----------+------------------------------------------+
; Parameter Name ; Value    ; Type                                     ;
+----------------+----------+------------------------------------------+
; SA             ; 01111111 ; Unsigned Binary                          ;
; SB             ; 10111111 ; Unsigned Binary                          ;
; S2             ; 11011111 ; Unsigned Binary                          ;
; S3             ; 11101111 ; Unsigned Binary                          ;
; S4             ; 11110111 ; Unsigned Binary                          ;
; S5             ; 11111011 ; Unsigned Binary                          ;
; S6             ; 11111101 ; Unsigned Binary                          ;
; S7             ; 11111110 ; Unsigned Binary                          ;
; CD             ; 0000     ; Unsigned Binary                          ;
; C0             ; 1000     ; Unsigned Binary                          ;
; C1             ; 1001     ; Unsigned Binary                          ;
; C2             ; 1010     ; Unsigned Binary                          ;
; C3             ; 1011     ; Unsigned Binary                          ;
; C4             ; 1100     ; Unsigned Binary                          ;
; C5             ; 1101     ; Unsigned Binary                          ;
; C6             ; 1110     ; Unsigned Binary                          ;
; C7             ; 1111     ; Unsigned Binary                          ;
; S1             ; 00000000 ; Unsigned Binary                          ;
; S0             ; 11111111 ; Unsigned Binary                          ;
+----------------+----------+------------------------------------------+
Note: In order to hide this table in the UI and the text report file, please set the "Show Parameter Settings in Synthesis Report" option in "Analysis and Synthesis Settings -> More Settings" to "Off".


+------------------------------------------------------------------+
; Parameter Settings for Inferred Entity Instance: lpm_divide:Mod1 ;
+------------------------+----------------+------------------------+
; Parameter Name         ; Value          ; Type                   ;
+------------------------+----------------+------------------------+
; LPM_WIDTHN             ; 6              ; Untyped                ;
; LPM_WIDTHD             ; 3              ; Untyped                ;
; LPM_NREPRESENTATION    ; UNSIGNED       ; Untyped                ;
; LPM_DREPRESENTATION    ; UNSIGNED       ; Untyped                ;
; LPM_PIPELINE           ; 0              ; Untyped                ;
; LPM_REMAINDERPOSITIVE  ; TRUE           ; Untyped                ;
; MAXIMIZE_SPEED         ; 5              ; Untyped                ;
; CBXI_PARAMETER         ; lpm_divide_a8m ; Untyped                ;
; CARRY_CHAIN            ; MANUAL         ; Untyped                ;
; OPTIMIZE_FOR_SPEED     ; 5              ; Untyped                ;
; AUTO_CARRY_CHAINS      ; ON             ; AUTO_CARRY             ;
; IGNORE_CARRY_BUFFERS   ; OFF            ; IGNORE_CARRY           ;
; AUTO_CASCADE_CHAINS    ; ON             ; AUTO_CASCADE           ;
; IGNORE_CASCADE_BUFFERS ; OFF            ; IGNORE_CASCADE         ;
+------------------------+----------------+------------------------+
Note: In order to hide this table in the UI and the text report file, please set the "Show Parameter Settings in Synthesis Report" option in "Analysis and Synthesis Settings -> More Settings" to "Off".


+------------------------------------------------------------------+
; Parameter Settings for Inferred Entity Instance: lpm_divide:Mod0 ;
+------------------------+----------------+------------------------+
; Parameter Name         ; Value          ; Type                   ;
+------------------------+----------------+------------------------+
; LPM_WIDTHN             ; 6              ; Untyped                ;
; LPM_WIDTHD             ; 3              ; Untyped                ;
; LPM_NREPRESENTATION    ; UNSIGNED       ; Untyped                ;
; LPM_DREPRESENTATION    ; UNSIGNED       ; Untyped                ;
; LPM_PIPELINE           ; 0              ; Untyped                ;
; LPM_REMAINDERPOSITIVE  ; TRUE           ; Untyped                ;
; MAXIMIZE_SPEED         ; 5              ; Untyped                ;
; CBXI_PARAMETER         ; lpm_divide_a8m ; Untyped                ;
; CARRY_CHAIN            ; MANUAL         ; Untyped                ;
; OPTIMIZE_FOR_SPEED     ; 5              ; Untyped                ;
; AUTO_CARRY_CHAINS      ; ON             ; AUTO_CARRY             ;
; IGNORE_CARRY_BUFFERS   ; OFF            ; IGNORE_CARRY           ;
; AUTO_CASCADE_CHAINS    ; ON             ; AUTO_CASCADE           ;
; IGNORE_CASCADE_BUFFERS ; OFF            ; IGNORE_CASCADE         ;
+------------------------+----------------+------------------------+
Note: In order to hide this table in the UI and the text report file, please set the "Show Parameter Settings in Synthesis Report" option in "Analysis and Synthesis Settings -> More Settings" to "Off".


+-------------------------------+
; Elapsed Time Per Partition    ;
+----------------+--------------+
; Partition Name ; Elapsed Time ;
+----------------+--------------+
; Top            ; 00:00:09     ;
+----------------+--------------+


+-------------------------------+
; Analysis & Synthesis Messages ;
+-------------------------------+
Info: *******************************************************************
Info: Running Quartus II 64-Bit Analysis & Synthesis
    Info: Version 13.1.0 Build 162 10/23/2013 SJ Web Edition
    Info: Processing started: Wed Jan 10 16:54:14 2024
Info: Command: quartus_map --read_settings_files=on --write_settings_files=off main -c main
Warning (20028): Parallel compilation is not licensed and has been disabled
Info (12021): Found 5 design units, including 5 entities, in source file main.v
    Info (12023): Found entity 1: main
    Info (12023): Found entity 2: divfreq4
    Info (12023): Found entity 3: divfreqin
    Info (12023): Found entity 4: divfreq
    Info (12023): Found entity 5: divfreqinv
Warning (10236): Verilog HDL Implicit Net warning at main.v(8): created implicit net for "clk_div"
Warning (10236): Verilog HDL Implicit Net warning at main.v(9): created implicit net for "clk_div2"
Warning (10236): Verilog HDL Implicit Net warning at main.v(10): created implicit net for "clk_div3"
Warning (10236): Verilog HDL Implicit Net warning at main.v(11): created implicit net for "clk_divinv"
Info (12127): Elaborating entity "main" for the top level hierarchy
Warning (10175): Verilog HDL warning at main.v(96): ignoring unsupported system task
Warning (10175): Verilog HDL warning at main.v(114): ignoring unsupported system task
Warning (10175): Verilog HDL warning at main.v(117): ignoring unsupported system task
Warning (10230): Verilog HDL assignment warning at main.v(2636): truncated value with size 32 to match size of target (2)
Warning (10030): Net "segment_LOSE.data_a" at main.v(15) has no driver or initial value, using a default initial value '0'
Warning (10030): Net "segment_LOSE.waddr_a" at main.v(15) has no driver or initial value, using a default initial value '0'
Warning (10030): Net "segment_PASS.data_a" at main.v(16) has no driver or initial value, using a default initial value '0'
Warning (10030): Net "segment_PASS.waddr_a" at main.v(16) has no driver or initial value, using a default initial value '0'
Warning (10030): Net "segment_LOSE.we_a" at main.v(15) has no driver or initial value, using a default initial value '0'
Warning (10030): Net "segment_PASS.we_a" at main.v(16) has no driver or initial value, using a default initial value '0'
Info (12128): Elaborating entity "divfreq4" for hierarchy "divfreq4:F0"
Info (12128): Elaborating entity "divfreqin" for hierarchy "divfreqin:F1"
Info (12128): Elaborating entity "divfreq" for hierarchy "divfreq:F2"
Info (12128): Elaborating entity "divfreqinv" for hierarchy "divfreqinv:F3"
Info (276014): Found 2 instances of uninferred RAM logic
    Info (276004): RAM logic "segment_PASS" is uninferred due to inappropriate RAM size
    Info (276004): RAM logic "segment_LOSE" is uninferred due to inappropriate RAM size
Info (278001): Inferred 2 megafunctions from design logic
    Info (278004): Inferred divider/modulo megafunction ("lpm_divide") from the following logic: "Mod1"
    Info (278004): Inferred divider/modulo megafunction ("lpm_divide") from the following logic: "Mod0"
Info (12130): Elaborated megafunction instantiation "lpm_divide:Mod1"
Info (12133): Instantiated megafunction "lpm_divide:Mod1" with the following parameter:
    Info (12134): Parameter "LPM_WIDTHN" = "6"
    Info (12134): Parameter "LPM_WIDTHD" = "3"
    Info (12134): Parameter "LPM_NREPRESENTATION" = "UNSIGNED"
    Info (12134): Parameter "LPM_DREPRESENTATION" = "UNSIGNED"
Info (12021): Found 1 design units, including 1 entities, in source file db/lpm_divide_a8m.tdf
    Info (12023): Found entity 1: lpm_divide_a8m
Info (12021): Found 1 design units, including 1 entities, in source file db/sign_div_unsign_8kh.tdf
    Info (12023): Found entity 1: sign_div_unsign_8kh
Info (12021): Found 1 design units, including 1 entities, in source file db/alt_u_div_r2f.tdf
    Info (12023): Found entity 1: alt_u_div_r2f
Info (12021): Found 1 design units, including 1 entities, in source file db/add_sub_unc.tdf
    Info (12023): Found entity 1: add_sub_unc
Info (12021): Found 1 design units, including 1 entities, in source file db/add_sub_vnc.tdf
    Info (12023): Found entity 1: add_sub_vnc
Info (12130): Elaborated megafunction instantiation "lpm_divide:Mod0"
Info (12133): Instantiated megafunction "lpm_divide:Mod0" with the following parameter:
    Info (12134): Parameter "LPM_WIDTHN" = "6"
    Info (12134): Parameter "LPM_WIDTHD" = "3"
    Info (12134): Parameter "LPM_NREPRESENTATION" = "UNSIGNED"
    Info (12134): Parameter "LPM_DREPRESENTATION" = "UNSIGNED"
Warning (13024): Output pins are stuck at VCC or GND
    Warning (13410): Pin "segment[5]" is stuck at GND
Info (286030): Timing-Driven Synthesis is running
Info (144001): Generated suppressed messages file C:/altera/13.1/Frog/main/output_files/main.map.smsg
Info (16010): Generating hard_block partition "hard_block:auto_generated_inst"
    Info (16011): Adding 0 node(s), including 0 DDIO, 0 PLL, 0 transceiver and 0 LCELL
Warning (21074): Design contains 1 input pin(s) that do not drive logic
    Warning (15610): No output dependent on input pin "start"
Info (21057): Implemented 1123 device resources after synthesis - the final resource count might be different
    Info (21058): Implemented 7 input pins
    Info (21059): Implemented 55 output pins
    Info (21061): Implemented 1061 logic cells
Info: Quartus II 64-Bit Analysis & Synthesis was successful. 0 errors, 19 warnings
    Info: Peak virtual memory: 4637 megabytes
    Info: Processing ended: Wed Jan 10 16:54:26 2024
    Info: Elapsed time: 00:00:12
    Info: Total CPU time (on all processors): 00:00:12


+------------------------------------------+
; Analysis & Synthesis Suppressed Messages ;
+------------------------------------------+
The suppressed messages can be found in C:/altera/13.1/Frog/main/output_files/main.map.smsg.


